
ROM used:   73570/88056 (84%)
            73570/88056 (84%) including unused fragments

            4.3 Average locations per line
            17.3 Average locations per statement

RAM used:   6982/8192 (85%) at main() level
            7321/8192 (89%) worst case

Stack used: 188 worst case (132 in main + 56 for interrupts)
Stack size: 256

Lines Stmts  %   Files
----- ----- ---  -----
  283    19   0  SURsms.c
  156     0   0  SURsmsHw.h
 1370     0   0  ..\..\..\..\..\..\Program Files (x86)\PICC\Devices\24FJ128GA204.h
 1354   524  12  ..\..\..\..\..\..\Program Files (x86)\PICC\Drivers\stdlib.h
   32     0   0  ..\..\..\..\..\..\Program Files (x86)\PICC\Drivers\stddef.h
  435     0   0  ..\..\..\..\..\..\Program Files (x86)\PICC\Drivers\string.h
   28     0   0  ..\..\..\..\..\..\Program Files (x86)\PICC\Drivers\ctype.h
  532   176   4  stringb.h
   33     0   0  stringsParse.h
   83    29   1  ..\..\..\..\..\..\Program Files (x86)\PICC\Drivers\24128.c
  209     0   0  SURsmsNvm.h
  602     0   0  SURsms.h
  137     0   0  forwardReferences.h
  425     0   0  globals.c
   73     0   0  ..\..\..\..\..\..\Program Files (x86)\PICC\Drivers\pcd_bootloader.h
  239    48   1  streamRevector.c
  174    41   1  stringsParse.c
  325    54   1  Flex_LCD420_fast.c
  346   210   5  touch_time.c
  326    69   2  touchy.c
  115    30   1  RTC.C
  140     6   0  crcSMS.c
   77     0   0  crcSMS.h
  794   384   9  configSMS.c
  129    31   1  uptimeTimer2.c
 1960   635  15  utilityFunctions.c
  508   115   3  NvmUtilityFunctions.c
  650   219   5  SURCommFunctions.c
  719   285   7  detectionReport.c
   96    35   1  healthReport.c
  257    51   1  bufferManager.c
  264    64   2  queueManager.c
  424   108   3  initializations.c
  562   193   5  xbeeModemControlFunctions.c
  968   235   6  xbeeModemUtilityFunctions.c
  454   177   4  xbeeApiProtocolUtilityFunctions.c
  517   129   3  xbeeApiProtocolFunctions.c
  853   258   6  xbeeApiReceivedMessageHandler.c
  436   133   3  mainProcess.c
----- -----
17085  4258 Total

Page ROM  %  RAM    Vol Diff  Functions:
---- --- --- ---    --- ----  ----------
0     68   0    0             @DIV3232B
0     16   0    0             @delay_ms1
0     78   0    0             @RCV_ISR_1
0     34   0    0             @GETCH_1
0     14   0    0             @KBHIT_1
0     78   0    0             @RCV_ISR_2
0     34   0    0             @GETCH_2
0     14   0    0             @KBHIT_2
0     78   0    0             @RCV_ISR_3
1     34   0    0             @GETCH_3
1     14   0    1             @KBHIT_3
0     62   0    6    280  5.5  strcat
0     60   0   10    266  6.5  memchr
0     42   0    3    145  5.0  strchr
0     80   0    9    318  6.5  strstr
0     34   0    4    129  4.6  strlen
0     66   0    0             @MULS3232
0    600   4   14   1817 10.4  atol
0    614   4   54   2354 12.5  strtol
0     48   0    1             @MUL3232
0     54   0    9    197  6.8  strcpyb
0     62   0    7    290  6.0  strcatb
0     74   0    4    243  7.0  strcmpb
0     42   0    3    156  5.5  strchrb
0     34   0    5    140  5.0  strlenb
0    598   4   54   2350 12.6  strtoulb
0     78   0    1             @I2C_READ_129
0     82   1    1             @I2C_WRITE_129
0    128   1    3    343  5.1  init_ext_eeprom
0    110   1    5    328  4.5  write_ext_eeprom
0    160   1    6    489  4.5  read_ext_eeprom
0     78   0    0             @const2325
0    132   1    0             @const2329
1     18   0    0     21  1.7  hostPortActive
1     50   0    1    102  2.3  hpsts
1     34   0    1    102  2.3  hpi
1     38   0    1     94  2.6  hpi_nblk
0     38   0    1    117  2.8  hpo
0     48   0    1    174  2.9  dpo
 Inline         3    580  7.2  stringsParse
 Inline         2    129  2.6  stringsParseSetInitialConditions
0    172   1   12    717  7.3  detRecParse
0     16   0    1             @const2384
0     72   0    1    399  3.8  lcd_send_nibble
0     74   0    2    310  5.0  lcd_send_byte
0    144   1    1    414  4.7  lcd_init
0    128   1    4    404  6.9  lcd_gotoxy
0    142   1    1    324  3.9  lcd_putc
0     44   0    2    176  2.3  touch_read_bit
0    100   1    4    213  4.5  touch_read_byte
0     78   0    1    450  3.3  touch_write_bit
0    138   1    4    287  6.0  touch_write_byte
0    120   1    2    352  3.4  touch_present
0     70   0    1    174  2.7  reset_pulse
0     34   0    2     80  2.4  inhibitTimerInts
0     12   0    1     42  1.4  restoreTimerInts
0    818   5   12   4671  9.0  set_touch_time
0     62   0    0             @const2429
0   1782  11   18  12145 10.4  get_touch_time
0     62   0    0             @const2441
0    118   1    0    362  2.8  xx_RTC_Write
0     46   0    0             @WORD2BCD
0     36   0    0             @BCD2WORD
0     36   0    0    179  2.7  xx_RTC_init
0    376   2    0             @const2457
0     90   1   13    499  8.2  crcFast
1   5100  32   36  20359 16.2  commandProc
0     26   0    0             @const2476
0     26   0    0             @const2478
0     28   0    0             @const2479
1     68   0    0             @PRINTF_X_2370
1    316   2    0             @PRINTFD16_2370
0     26   0    0             @const2491
0     26   0    0             @const2492
0     34   0    0             @const2503
0     26   0    0             @const2505
0     30   0    0             @const2506
0     18   0    0             @SPRINTF
0     26   0    0             @const2511
0     18   0    0             @const2513
0     44   0    0             @const2515
0     24   0    0             @const2518
0     18   0    0             @const2522
0     26   0    0             @const2530
0     70   0    0             @const2531
0     58   0    0             @const2532
0     50   0    0             @const2533
0     60   0    0             @const2536
0     26   0    0             @const2537
0     48   0    0             @const2541
0     40   0    0             @const2542
0     60   0    0             @const2543
0     36   0    0             @const2545
0     12   0    0     25  1.2  initUptimerMilliseconds
0     86   1    0    233  3.4  timer2Isr
0      6   0    0     14  0.7  uptimeMilliseconds
0     42   0    0    240  3.9  tickTask
0    550   3    2    643  3.3  esad
0     32   0    0             @const2547
0     58   0    0             @const2550
0     58   0    0             @const2551
0     58   0    0             @const2552
0     58   0    0             @const2553
0     58   0    0             @const2554
0     58   0    0             @const2555
0    120   1    4    156  2.9  ADDRERR_isr
0     46   0    0             @const2563
0     94   1    0             @PRINTF_X64_2375
0    400   2    1             @PRINTFD16_2375
0     82   1    0             @PRINTF_X_2375
0   2542  16    0   1339  5.3  itsAlive
0     20   0    0             @const2578
0     76   0    0             @const2579
0     46   0    0             @const2580
0     18   0    0             @const2581
0     22   0    0             @const2582
0     18   0    0             @const2583
0     22   0    0             @const2584
0     28   0    0             @const2586
0     28   0    0             @const2587
0     44   0    0             @const2588
0    272   2    0             @PRINTFU16_2375
0     44   0    0             @const2592
0     44   0    0             @const2593
0     44   0    0             @const2594
0     40   0    0             @const2595
0     46   0    0             @const2596
0     48   0    0             @const2597
0     42   0    0             @const2598
0     30   0    0             @const2599
0     54   0    8    237  6.0  fillBytes
0     42   0    9    158  6.0  fillWords
0     36   0    5     99  4.0  round_up
0     26   0    4    131  4.2  bcd2hex
0     40   0    4    131  4.2  hex2bcd
0     20   0    0     68  3.0  nextDetRepSeq
1    194   1   27    900  8.8  convertForConfig
0    254   2   28   1026  9.3  convertHexForConfig
0     94   1    2    213  4.7  dbpEnabled
0    200   1   25    536  5.6  stringTheUptime
0     84   1    0             @DIV3232A
0    228   1    0             @PRINTFU32_2508
0     88   1    0    138  2.5  stringTheDateAndTime
0     66   0    0             @PRINTF_X_2508
0    110   1    0    104  2.4  stringTheDateTimeUptime
1    324   2    2    876  4.8  set_time
1    218   1    0     78  1.6  tell_time
0    616   4   11   2843  9.6  maintainLCD
0    182   1    1    791  4.3  maintainDateTimeValues
0   1662  10    4   1617  8.7  MinuteWork
0     52   0    0             @const2656
0    210   1    0             @PRINTF_L32U_2375FP
0     18   0    0             @const2660
0     20   0    0             @const2662
0     46   0    0             @const2664
0     46   0    0             @const2665
0     82   1    0             @const2666
0    118   1   43    132  3.2  needResetMessage
0   1616  10   37   2525 10.8  innerDumpToHost
0     34   0    6     82  2.3  dumpToHost
1     30   0    7     82  2.3  dumpToHostNoAscii
0     14   0    0     33  1.3  setRunning
0     14   0    0     33  1.3  clearRunning
0     14   0    0     29  1.2  setModemActive
0     14   0    0     29  1.2  clearModemActive
0    100   1    4    230  5.2  CheckNeedDetectionReportThisMinute
0    100   1    4    230  5.2  CheckNeedHealthReportThisHour
0      8   0    1     25  1.3  RawKeyPressed
0    138   1    1    556  4.2  DebouncePb
0    580   4   22   1218  6.4  buttonCycled
0     42   0    0             @const2790
0     40   0    0             @const2791
0     20   0    5     83  4.0  advanceToEven
1    308   2    1    317  4.5  skip_until_pct
0     42   0    1             @const2806
1    282   2    1    874  7.1  checkHostConnection
0     60   0    1             @const2809
0     44   0    1    158  2.6  BigLoopMaintenance
0     88   1    6    192  4.4  WaitWithHousekeeping
1    288   2    0    260  1.8  fiveSecCountDown
0     20   0    0             @const2816
0     20   0    0             @const2817
0     18   0    0             @const2818
0     18   0    0             @const2819
0     10   0    0     48  1.1  resetBT
0    222   1    4    315  5.0  prefixDetectionReportResponse
0     32   0    0             @const2825
0    304   2    1             @PRINTFD16_2508
0    172   1    0             @PRINTF_L32U_2508FP
0     28   0    4     44  1.9  read_fltr_nvm
0     40   0    5     85  2.5  write_fltr_nvm
0     88   1    7    251  4.2  fetchShadowFLTR_NVM
0    198   1   20    646  7.4  storeShadowFLTR_NVM
1     18   0    1     59  1.8  swapShadowFLTR_NVMRoles
1     54   0    0     72  2.4  copyShadowFLTR_currentToFuture
1      6   0    0     12  0.8  prepareShadowFLTRForMods
1    242   2   10    912  9.6  shadowFLTR_FutureToCurrent
0    140   1    4    483  5.9  defaultShadowFLTR_NVM
0     72   0    5    218  3.7  fetchShadowCFG_NVM
0    186   1   18    667  7.0  storeShadowCFG_NVM
1     18   0    1     59  1.8  swapShadowCFG_NVMRoles
1     38   0    0     52  1.9  copyShadowCFG_currentToFuture
1      6   0    0     12  0.8  prepareShadowCFGForMods
1    220   1   10    749  8.3  shadowCFG_FutureToCurrent
0    558   3    0   1895  3.9  defaultShadowCFG_NVM
0     24   0    0             @const2869
0     24   0    0             @const2870
0    106   1    7    287  5.7  isShadowCrcCorrect
0     96   1    8    349  6.0  relaxedResponseFromSUR
0     68   0    7    200  4.8  surGetch_w_timeout
0     64   0    4    178  4.0  surCSI
 Inline         8    785  6.4  SURCommandParsedReply
0    236   1   12    983  7.8  SURCommandRawReply
0   1090   7   36   3625  9.9  getSurVersAndRc
0     34   0    0             @const2907
0     34   0    0             @const2908
0     34   0    0             @const2909
0     32   0    0             @const2910
0    312   2    0             @PRINTFD32_2508
0    118   1   11    432  6.5  checkCommAndRecover
0   5134  32  124  16181 17.1  processDetectionReport
0     76   0    0             @const2973
0     76   0    0             @const2974
0     34   0    0             @const2975
0     34   0    0             @const2976
0     16   0    0             @const2977
0     34   0    0             @const2979
0     66   0    0             @const2980
0     26   0    0             @const2982
0     84   1    0             @const2984
0     34   0    0             @const2986
0    224   1    1             @PRINTFU16_2508
0     42   0    0             @const2992
0     28   0    0             @const2994
0     34   0    0             @const2995
0     34   0    0             @const2996
0     34   0    0             @const2997
0     34   0    0             @const2998
0     34   0    0             @const2999
0     32   0    0             @const3000
0     38   0    0             @const3001
0     34   0    0             @const3002
0     18   0    5             @WRITEBITA
0     46   0    0             @const3009
0     18   0    4             @READBITA
0     84   1    0             @const3021
0     34   0    0             @const3023
0     34   0    0             @const3025
0     34   0    0             @const3026
0    562   3   10   1426  8.1  processHealthReport
0     74   0    0             @const3032
0     74   0    0             @const3033
0     34   0    0             @const3034
0     36   0    0             @const3035
0     34   0    0             @const3036
0     32   0    0             @const3037
0     68   0    0             @const3038
0     48   0    2    136  3.5  createSmallBufferPool
0     88   1    2    300  6.5  sballoc
0     36   0    2    101  3.0  sbfree
0     20   0    3     56  2.7  sbload
0     50   0    2    165  4.0  createLargeBufferPool
0     92   1    2    318  6.9  lballoc
0     42   0    2    101  3.0  lbfree
0     26   0    3     56  2.7  lbload
0     54   0    4    343  6.9  xbcheck
0     44   0    4    162  3.8  xbfree
0    140   1    3    307  5.5  wordqCount
0     76   0    8    246  3.7  setupAWordQueue
0     96   1    6    347  5.0  wordqEnqueue
0    108   1    6    384  4.6  wordqDequeue
0    620   4    0   2333  5.4  preConfigInit
0     36   0    0             @const3079
0     34   0    0             @const3080
0     58   0    0    173  4.4  configuredValueInit
0    460   3   13    889  5.4  postConfigInit
0     44   0    1             @const3083
0     70   0    1             @const3084
0    538   3    1    618  5.0  shadowedEEPROMSetup
0     84   1    1             @const3086
0     66   0    1             @const3087
0     78   0    1             @const3088
0     84   1    1             @const3089
0   1688  11   35   2574  6.2  xbeeRuntimeConfiguration
0     68   0    0             @const3096
0     44   0    0             @const3097
0     38   0    0             @const3098
0     46   0    0             @const3099
0     44   0    0             @const3100
0     60   0    0             @const3102
0     62   0    0             @const3106
0     50   0    0             @const3108
0   1516   9   10   1768  8.1  xbeeCmdOkReply
0     48   0    0             @const3124
0     22   0    0             @const3125
0     46   0    0             @const3126
0     38   0    0             @const3127
0     52   0    0             @const3128
0     44   0    0             @const3129
0    960   6   10   1588  6.6  xbeeSendAtCommand
0     46   0    0             @const3133
0    242   2    0    401  4.6  xbeeCommandMode
0     46   0    0             @const3138
0    502   3   30   1846 12.9  xbeeWaitAndBlink
0      2   0    0      6  0.5  xbeeWakeUp
0     46   0    1    142  3.8  nextFrameId
0    640   4    8    810  5.4  drainSmsBufAndProcess
0     22   0    0             @RCV_BUFFER_BYTES_2
0     46   0    0             @const3167
0     72   0    0             @const3168
0     60   0    0             @const3169
0    650   4   10   1255  7.9  drainSmsBufAndParse
0     78   0    0             @const3175
0     50   0    0             @const3176
0    242   2   11    658  6.9  drainSmsBufAndTrash
0     46   0    0             @const3182
0    114   1    6    305  5.1  waitXbeeDataStart
0    128   1   10    423  6.0  waitXbeeDataFinish
0     56   0    9    229  7.7  xbeeChecksum
0     18   0    0     29  2.0  isXbeeOkToUse
0    156   1    1    310  4.9  xbeeSetPowerControlFlags
0     72   0    1             @const3195
0     94   1    8    404  5.1  xbeeGetRssi
0    230   1   12    397  4.9  xbeeAirplaneModeControl
0     34   0    0             @const3204
0    218   1    8    837  9.1  xbeeApiPacketSend
0   3554  22   14   5540 12.8  packetInfoDisplay
0     36   0    0             @const3214
0     64   0    0             @const3215
0     74   0    0             @const3216
0     64   0    0             @const3217
0     88   1    0             @const3219
0     78   0    0             @const3224
0     82   1    0             @const3225
0     64   0    0             @const3226
0     54   0    0             @const3227
0     60   0    0             @const3228
0     24   0    0             @const3231
0     38   0    0             @const3232
0   1158   7    1   2226  5.5  stringTransmitStatus
0     32   0    1             @const3236
0     34   0    1             @const3237
0     48   0    1             @const3238
0     44   0    1             @const3239
0     34   0    1             @const3240
0     28   0    1             @const3241
0     28   0    1             @const3242
0     30   0    1             @const3243
0     40   0    1             @const3244
0     30   0    1             @const3245
0     30   0    1             @const3246
0     34   0    1             @const3247
0     30   0    1             @const3248
0     30   0    1             @const3249
0     44   0    1             @const3250
0     42   0    1             @const3251
0     32   0    1             @const3252
0     36   0    1             @const3253
0     22   0    1             @const3254
0     26   0    1             @const3255
0     28   0    1             @const3256
0     26   0    1             @const3257
0     38   0    1             @const3258
0     34   0    1             @const3259
0     30   0    1             @const3260
0     46   0    1             @const3261
0     46   0    1             @const3262
0    696   4    1   1263  5.4  stringModemStatus
0     40   0    1             @const3264
0     34   0    1             @const3265
0     46   0    1             @const3266
0     48   0    1             @const3267
0     38   0    1             @const3268
0     40   0    1             @const3269
0     24   0    1             @const3270
0     28   0    1             @const3271
0     42   0    1             @const3272
0     46   0    1             @const3273
0     46   0    1             @const3274
0     48   0    1             @const3275
0     42   0    1             @const3276
0     40   0    1             @const3277
0     42   0    1             @const3278
0     58   0    1             @const3279
0    978   6   17   2730  9.5  xbeeApiSendSMSmessage
0     66   0    0             @const3286
0    652   4    8    711  3.3  appStartUpModem
0     42   0    0             @const3303
0     62   0    0             @const3304
0     58   0    0             @const3305
0    260   2    1             @PRINTFU32_2375
0    326   2    0    243  2.2  appShutDownModem_Inner
0     40   0    0             @const3309
0     48   0    0             @const3310
0    528   3    6    475  3.6  appShutDownModem
0     92   1    0             @const3314
0     50   0    0             @const3315
0   2286  14   22   3079  9.6  packetsMatch
0     60   0    0             @const3329
0     42   0    0             @const3330
0    376   2    1             @PRINTFD32_2375
0     50   0    0             @const3334
0     76   0    0             @const3335
0     70   0    0             @const3338
0     40   0    0             @const3339
0     48   0    0             @const3340
0     74   0    0             @const3341
0     62   0    0             @const3342
0     62   0    0             @const3343
0    526   3    8   1135  9.1  packetsStalenessCheck
0     68   0    0             @const3347
0     66   0    0             @const3348
0   1208   8   12   3541 13.2  packetsProcess
0     70   0    0             @const3355
0     68   0    0             @const3356
0     32   0    0             @const3357
0     60   0    0             @const3361
0    406   3    6   2434 13.4  packetsParse
0    248   2    1    452  4.5  resetPacketsParse
0     72   0    1             @const3368
1   1198   7   14   4252  8.9  process
0     22   0    0             @const3371
0     22   0    0             @const3372
0     24   0    0             @const3373
0     22   0    0             @const3374
0     22   0    0             @const3375
0     24   0    0             @const3376
0     44   0    0             @const3380
0     50   0    0             @const3384
1    966   6    0    516  4.6  main
0     34   0    0             @const3388
0     62   0    0             @const3389
0     68   0    0             @const3390
 Inline         0             @cinit1

Program metrics:
    Functions               165
    Statements              4258
    Comments                8197
    Volume (V)              287329
    Difficulty (D)          866.6
    Effort to implement (E) 248985194
    Time to implement (T)   3842 hours, 22 minutes
    Est Delivered Bugs (B)  132
    Cyclomatic Complexity   728
    Maintainability (MI)    29

 Segment     Used  Free
-----------  ----  ----
00000-007FE     0  2048  
00800-00802     4  0  
00804-009FA   504  0  
009FC-0FFFE  62980  0  
10000-157F6  10082  12438  



